[2023-04-19T09:03:14.650+0000] {taskinstance.py:1083} INFO - Dependencies all met for <TaskInstance: download_rocket_launches.download_launches scheduled__2023-04-09T00:00:00+00:00 [queued]>
[2023-04-19T09:03:14.845+0000] {taskinstance.py:1083} INFO - Dependencies all met for <TaskInstance: download_rocket_launches.download_launches scheduled__2023-04-09T00:00:00+00:00 [queued]>
[2023-04-19T09:03:14.845+0000] {taskinstance.py:1279} INFO - 
--------------------------------------------------------------------------------
[2023-04-19T09:03:14.846+0000] {taskinstance.py:1280} INFO - Starting attempt 1 of 1
[2023-04-19T09:03:14.846+0000] {taskinstance.py:1281} INFO - 
--------------------------------------------------------------------------------
[2023-04-19T09:03:15.220+0000] {taskinstance.py:1300} INFO - Executing <Task(BashOperator): download_launches> on 2023-04-09 00:00:00+00:00
[2023-04-19T09:03:15.232+0000] {standard_task_runner.py:55} INFO - Started process 5738 to run task
[2023-04-19T09:03:15.527+0000] {standard_task_runner.py:82} INFO - Running: ['***', 'tasks', 'run', 'download_rocket_launches', 'download_launches', 'scheduled__2023-04-09T00:00:00+00:00', '--job-id', '42', '--raw', '--subdir', 'DAGS_FOLDER/my_first_dag.py', '--cfg-path', '/tmp/tmpbofq8bgv']
[2023-04-19T09:03:15.529+0000] {standard_task_runner.py:83} INFO - Job 42: Subtask download_launches
[2023-04-19T09:03:16.129+0000] {task_command.py:388} INFO - Running <TaskInstance: download_rocket_launches.download_launches scheduled__2023-04-09T00:00:00+00:00 [running]> on host 30d485bbd18e
[2023-04-19T09:03:17.011+0000] {taskinstance.py:1509} INFO - Exporting the following env vars:
AIRFLOW_CTX_DAG_OWNER=***
AIRFLOW_CTX_DAG_ID=download_rocket_launches
AIRFLOW_CTX_TASK_ID=download_launches
AIRFLOW_CTX_EXECUTION_DATE=2023-04-09T00:00:00+00:00
AIRFLOW_CTX_TRY_NUMBER=1
AIRFLOW_CTX_DAG_RUN_ID=scheduled__2023-04-09T00:00:00+00:00
[2023-04-19T09:03:17.032+0000] {subprocess.py:63} INFO - Tmp dir root location: 
 /tmp
[2023-04-19T09:03:17.035+0000] {subprocess.py:75} INFO - Running command: ['/bin/bash', '-c', "curl -o /tmp/launches.json -L 'https://ll.thespacedevs.com/2.0.0/launch/upcoming'"]
[2023-04-19T09:03:17.137+0000] {subprocess.py:86} INFO - Output:
[2023-04-19T09:03:17.216+0000] {subprocess.py:93} INFO -   % Total    % Received % Xferd  Average Speed   Time    Time     Time  Current
[2023-04-19T09:03:17.216+0000] {subprocess.py:93} INFO -                                  Dload  Upload   Total   Spent    Left  Speed
[2023-04-19T09:03:17.706+0000] {subprocess.py:93} INFO -   0     0    0     0    0     0      0      0 --:--:-- --:--:-- --:--:--     0  0     0    0     0    0     0      0      0 --:--:-- --:--:-- --:--:--     0  0     0    0     0    0     0      0      0 --:--:-- --:--:-- --:--:--     0
[2023-04-19T09:03:17.929+0000] {subprocess.py:93} INFO - 100 23017  100 23017    0     0  32601      0 --:--:-- --:--:-- --:--:-- 32601
[2023-04-19T09:03:18.007+0000] {subprocess.py:97} INFO - Command exited with return code 0
[2023-04-19T09:03:18.332+0000] {taskinstance.py:1323} INFO - Marking task as SUCCESS. dag_id=download_rocket_launches, task_id=download_launches, execution_date=20230409T000000, start_date=20230419T090314, end_date=20230419T090318
[2023-04-19T09:03:18.707+0000] {local_task_job.py:208} INFO - Task exited with return code 0
[2023-04-19T09:03:19.031+0000] {taskinstance.py:2578} INFO - 1 downstream tasks scheduled from follow-on schedule check
