[2023-04-19T09:03:09.527+0000] {taskinstance.py:1083} INFO - Dependencies all met for <TaskInstance: download_rocket_launches.download_launches scheduled__2023-04-07T00:00:00+00:00 [queued]>
[2023-04-19T09:03:09.928+0000] {taskinstance.py:1083} INFO - Dependencies all met for <TaskInstance: download_rocket_launches.download_launches scheduled__2023-04-07T00:00:00+00:00 [queued]>
[2023-04-19T09:03:10.009+0000] {taskinstance.py:1279} INFO - 
--------------------------------------------------------------------------------
[2023-04-19T09:03:10.009+0000] {taskinstance.py:1280} INFO - Starting attempt 1 of 1
[2023-04-19T09:03:10.009+0000] {taskinstance.py:1281} INFO - 
--------------------------------------------------------------------------------
[2023-04-19T09:03:10.740+0000] {taskinstance.py:1300} INFO - Executing <Task(BashOperator): download_launches> on 2023-04-07 00:00:00+00:00
[2023-04-19T09:03:10.836+0000] {standard_task_runner.py:55} INFO - Started process 5720 to run task
[2023-04-19T09:03:10.912+0000] {standard_task_runner.py:82} INFO - Running: ['***', 'tasks', 'run', 'download_rocket_launches', 'download_launches', 'scheduled__2023-04-07T00:00:00+00:00', '--job-id', '34', '--raw', '--subdir', 'DAGS_FOLDER/my_first_dag.py', '--cfg-path', '/tmp/tmpwtk2r4f8']
[2023-04-19T09:03:10.914+0000] {standard_task_runner.py:83} INFO - Job 34: Subtask download_launches
[2023-04-19T09:03:11.522+0000] {task_command.py:388} INFO - Running <TaskInstance: download_rocket_launches.download_launches scheduled__2023-04-07T00:00:00+00:00 [running]> on host 30d485bbd18e
[2023-04-19T09:03:12.720+0000] {taskinstance.py:1509} INFO - Exporting the following env vars:
AIRFLOW_CTX_DAG_OWNER=***
AIRFLOW_CTX_DAG_ID=download_rocket_launches
AIRFLOW_CTX_TASK_ID=download_launches
AIRFLOW_CTX_EXECUTION_DATE=2023-04-07T00:00:00+00:00
AIRFLOW_CTX_TRY_NUMBER=1
AIRFLOW_CTX_DAG_RUN_ID=scheduled__2023-04-07T00:00:00+00:00
[2023-04-19T09:03:12.728+0000] {subprocess.py:63} INFO - Tmp dir root location: 
 /tmp
[2023-04-19T09:03:12.731+0000] {subprocess.py:75} INFO - Running command: ['/bin/bash', '-c', "curl -o /tmp/launches.json -L 'https://ll.thespacedevs.com/2.0.0/launch/upcoming'"]
[2023-04-19T09:03:12.914+0000] {subprocess.py:86} INFO - Output:
[2023-04-19T09:03:12.926+0000] {subprocess.py:93} INFO -   % Total    % Received % Xferd  Average Speed   Time    Time     Time  Current
[2023-04-19T09:03:12.926+0000] {subprocess.py:93} INFO -                                  Dload  Upload   Total   Spent    Left  Speed
[2023-04-19T09:03:13.408+0000] {subprocess.py:93} INFO -   0     0    0     0    0     0      0      0 --:--:-- --:--:-- --:--:--     0  0     0    0     0    0     0      0      0 --:--:-- --:--:-- --:--:--     0
[2023-04-19T09:03:13.606+0000] {subprocess.py:93} INFO -  35 23017   35  8192    0     0  13298      0  0:00:01 --:--:--  0:00:01 13298100 23017  100 23017    0     0  33848      0 --:--:-- --:--:-- --:--:--  229k
[2023-04-19T09:03:13.613+0000] {subprocess.py:97} INFO - Command exited with return code 0
[2023-04-19T09:03:13.915+0000] {taskinstance.py:1323} INFO - Marking task as SUCCESS. dag_id=download_rocket_launches, task_id=download_launches, execution_date=20230407T000000, start_date=20230419T090309, end_date=20230419T090313
[2023-04-19T09:03:14.210+0000] {local_task_job.py:208} INFO - Task exited with return code 0
[2023-04-19T09:03:15.035+0000] {taskinstance.py:2578} INFO - 0 downstream tasks scheduled from follow-on schedule check
