[2023-04-19T08:13:20.024+0000] {taskinstance.py:1083} INFO - Dependencies all met for <TaskInstance: producer_aware.check_file scheduled__2023-04-18T15:45:22.570962+00:00 [queued]>
[2023-04-19T08:13:20.037+0000] {taskinstance.py:1083} INFO - Dependencies all met for <TaskInstance: producer_aware.check_file scheduled__2023-04-18T15:45:22.570962+00:00 [queued]>
[2023-04-19T08:13:20.037+0000] {taskinstance.py:1279} INFO - 
--------------------------------------------------------------------------------
[2023-04-19T08:13:20.038+0000] {taskinstance.py:1280} INFO - Starting attempt 1 of 1
[2023-04-19T08:13:20.038+0000] {taskinstance.py:1281} INFO - 
--------------------------------------------------------------------------------
[2023-04-19T08:13:20.056+0000] {taskinstance.py:1300} INFO - Executing <Task(BashOperator): check_file> on 2023-04-18 15:45:22.570962+00:00
[2023-04-19T08:13:20.067+0000] {standard_task_runner.py:55} INFO - Started process 127 to run task
[2023-04-19T08:13:20.070+0000] {standard_task_runner.py:82} INFO - Running: ['***', 'tasks', 'run', 'producer_aware', 'check_file', 'scheduled__2023-04-18T15:45:22.570962+00:00', '--job-id', '30', '--raw', '--subdir', 'DAGS_FOLDER/my_first_dag.py', '--cfg-path', '/tmp/tmpjnojn6dl']
[2023-04-19T08:13:20.070+0000] {standard_task_runner.py:83} INFO - Job 30: Subtask check_file
[2023-04-19T08:13:20.160+0000] {task_command.py:388} INFO - Running <TaskInstance: producer_aware.check_file scheduled__2023-04-18T15:45:22.570962+00:00 [running]> on host 30d485bbd18e
[2023-04-19T08:13:20.252+0000] {taskinstance.py:1509} INFO - Exporting the following env vars:
AIRFLOW_CTX_DAG_OWNER=***
AIRFLOW_CTX_DAG_ID=producer_aware
AIRFLOW_CTX_TASK_ID=check_file
AIRFLOW_CTX_EXECUTION_DATE=2023-04-18T15:45:22.570962+00:00
AIRFLOW_CTX_TRY_NUMBER=1
AIRFLOW_CTX_DAG_RUN_ID=scheduled__2023-04-18T15:45:22.570962+00:00
[2023-04-19T08:13:20.253+0000] {subprocess.py:63} INFO - Tmp dir root location: 
 /tmp
[2023-04-19T08:13:20.255+0000] {subprocess.py:75} INFO - Running command: ['/bin/bash', '-c', 'cat /tmp/data.csv']
[2023-04-19T08:13:20.277+0000] {subprocess.py:86} INFO - Output:
[2023-04-19T08:13:20.280+0000] {subprocess.py:93} INFO - data1,data2,data3
[2023-04-19T08:13:20.281+0000] {subprocess.py:93} INFO - 
[2023-04-19T08:13:20.281+0000] {subprocess.py:93} INFO - data1,data2,data3
[2023-04-19T08:13:20.281+0000] {subprocess.py:93} INFO - 
[2023-04-19T08:13:20.281+0000] {subprocess.py:93} INFO - data1,data2,data3
[2023-04-19T08:13:20.281+0000] {subprocess.py:93} INFO - 
[2023-04-19T08:13:20.281+0000] {subprocess.py:93} INFO - data1,data2,data3
[2023-04-19T08:13:20.281+0000] {subprocess.py:93} INFO - 
[2023-04-19T08:13:20.282+0000] {subprocess.py:93} INFO - data1,data2,data3
[2023-04-19T08:13:20.282+0000] {subprocess.py:93} INFO - 
[2023-04-19T08:13:20.282+0000] {subprocess.py:97} INFO - Command exited with return code 0
[2023-04-19T08:13:20.317+0000] {taskinstance.py:1323} INFO - Marking task as SUCCESS. dag_id=producer_aware, task_id=check_file, execution_date=20230418T154522, start_date=20230419T081320, end_date=20230419T081320
[2023-04-19T08:13:20.362+0000] {local_task_job.py:208} INFO - Task exited with return code 0
[2023-04-19T08:13:20.387+0000] {taskinstance.py:2578} INFO - 0 downstream tasks scheduled from follow-on schedule check
