[2023-04-18T13:44:15.688+0000] {taskinstance.py:1083} INFO - Dependencies all met for <TaskInstance: process-employees.get_data scheduled__2023-04-17T00:00:00+00:00 [queued]>
[2023-04-18T13:44:15.697+0000] {taskinstance.py:1083} INFO - Dependencies all met for <TaskInstance: process-employees.get_data scheduled__2023-04-17T00:00:00+00:00 [queued]>
[2023-04-18T13:44:15.697+0000] {taskinstance.py:1279} INFO - 
--------------------------------------------------------------------------------
[2023-04-18T13:44:15.697+0000] {taskinstance.py:1280} INFO - Starting attempt 1 of 1
[2023-04-18T13:44:15.698+0000] {taskinstance.py:1281} INFO - 
--------------------------------------------------------------------------------
[2023-04-18T13:44:15.712+0000] {taskinstance.py:1300} INFO - Executing <Task(_PythonDecoratedOperator): get_data> on 2023-04-17 00:00:00+00:00
[2023-04-18T13:44:15.720+0000] {standard_task_runner.py:55} INFO - Started process 10473 to run task
[2023-04-18T13:44:15.722+0000] {standard_task_runner.py:82} INFO - Running: ['***', 'tasks', 'run', 'process-employees', 'get_data', 'scheduled__2023-04-17T00:00:00+00:00', '--job-id', '14', '--raw', '--subdir', 'DAGS_FOLDER/process-employees.py', '--cfg-path', '/tmp/tmp1b5xu286']
[2023-04-18T13:44:15.722+0000] {standard_task_runner.py:83} INFO - Job 14: Subtask get_data
[2023-04-18T13:44:15.780+0000] {task_command.py:388} INFO - Running <TaskInstance: process-employees.get_data scheduled__2023-04-17T00:00:00+00:00 [running]> on host 30d485bbd18e
[2023-04-18T13:44:15.874+0000] {taskinstance.py:1509} INFO - Exporting the following env vars:
AIRFLOW_CTX_DAG_OWNER=***
AIRFLOW_CTX_DAG_ID=process-employees
AIRFLOW_CTX_TASK_ID=get_data
AIRFLOW_CTX_EXECUTION_DATE=2023-04-17T00:00:00+00:00
AIRFLOW_CTX_TRY_NUMBER=1
AIRFLOW_CTX_DAG_RUN_ID=scheduled__2023-04-17T00:00:00+00:00
[2023-04-18T13:44:16.112+0000] {base.py:73} INFO - Using connection ID 'tutorial_pg_conn' for task execution.
[2023-04-18T13:44:16.118+0000] {python.py:177} INFO - Done. Returned value was: None
[2023-04-18T13:44:16.129+0000] {taskinstance.py:1323} INFO - Marking task as SUCCESS. dag_id=process-employees, task_id=get_data, execution_date=20230417T000000, start_date=20230418T134415, end_date=20230418T134416
[2023-04-18T13:44:16.175+0000] {local_task_job.py:208} INFO - Task exited with return code 0
[2023-04-18T13:44:16.198+0000] {taskinstance.py:2578} INFO - 0 downstream tasks scheduled from follow-on schedule check
