[2023-04-19T08:13:18.614+0000] {taskinstance.py:1083} INFO - Dependencies all met for <TaskInstance: producer_aware.generate_dataset scheduled__2023-04-18T15:50:22.570962+00:00 [queued]>
[2023-04-19T08:13:18.628+0000] {taskinstance.py:1083} INFO - Dependencies all met for <TaskInstance: producer_aware.generate_dataset scheduled__2023-04-18T15:50:22.570962+00:00 [queued]>
[2023-04-19T08:13:18.628+0000] {taskinstance.py:1279} INFO - 
--------------------------------------------------------------------------------
[2023-04-19T08:13:18.628+0000] {taskinstance.py:1280} INFO - Starting attempt 1 of 1
[2023-04-19T08:13:18.628+0000] {taskinstance.py:1281} INFO - 
--------------------------------------------------------------------------------
[2023-04-19T08:13:18.647+0000] {taskinstance.py:1300} INFO - Executing <Task(BashOperator): generate_dataset> on 2023-04-18 15:50:22.570962+00:00
[2023-04-19T08:13:18.657+0000] {standard_task_runner.py:55} INFO - Started process 122 to run task
[2023-04-19T08:13:18.661+0000] {standard_task_runner.py:82} INFO - Running: ['***', 'tasks', 'run', 'producer_aware', 'generate_dataset', 'scheduled__2023-04-18T15:50:22.570962+00:00', '--job-id', '29', '--raw', '--subdir', 'DAGS_FOLDER/my_first_dag.py', '--cfg-path', '/tmp/tmpemwwzagw']
[2023-04-19T08:13:18.661+0000] {standard_task_runner.py:83} INFO - Job 29: Subtask generate_dataset
[2023-04-19T08:13:18.775+0000] {task_command.py:388} INFO - Running <TaskInstance: producer_aware.generate_dataset scheduled__2023-04-18T15:50:22.570962+00:00 [running]> on host 30d485bbd18e
[2023-04-19T08:13:18.893+0000] {taskinstance.py:1509} INFO - Exporting the following env vars:
AIRFLOW_CTX_DAG_OWNER=***
AIRFLOW_CTX_DAG_ID=producer_aware
AIRFLOW_CTX_TASK_ID=generate_dataset
AIRFLOW_CTX_EXECUTION_DATE=2023-04-18T15:50:22.570962+00:00
AIRFLOW_CTX_TRY_NUMBER=1
AIRFLOW_CTX_DAG_RUN_ID=scheduled__2023-04-18T15:50:22.570962+00:00
[2023-04-19T08:13:18.905+0000] {subprocess.py:63} INFO - Tmp dir root location: 
 /tmp
[2023-04-19T08:13:18.906+0000] {subprocess.py:75} INFO - Running command: ['/bin/bash', '-c', 'echo "data1,data2,data3\n" >> /tmp/data.csv']
[2023-04-19T08:13:18.934+0000] {subprocess.py:86} INFO - Output:
[2023-04-19T08:13:18.935+0000] {subprocess.py:97} INFO - Command exited with return code 0
[2023-04-19T08:13:18.959+0000] {warnings.py:110} WARNING - /home/***/.local/lib/python3.7/site-packages/***/models/baseoperator.py:1376: RemovedInAirflow3Warning: Passing 'execution_date' to 'TaskInstance.xcom_push()' is deprecated.
  context["ti"].xcom_push(key=key, value=value, execution_date=execution_date)

[2023-04-19T08:13:18.986+0000] {taskinstance.py:1323} INFO - Marking task as SUCCESS. dag_id=producer_aware, task_id=generate_dataset, execution_date=20230418T155022, start_date=20230419T081318, end_date=20230419T081318
[2023-04-19T08:13:19.037+0000] {local_task_job.py:208} INFO - Task exited with return code 0
[2023-04-19T08:13:19.072+0000] {taskinstance.py:2578} INFO - 1 downstream tasks scheduled from follow-on schedule check
