[2023-04-19T09:03:14.608+0000] {taskinstance.py:1083} INFO - Dependencies all met for <TaskInstance: download_rocket_launches.download_launches scheduled__2023-04-10T00:00:00+00:00 [queued]>
[2023-04-19T09:03:14.745+0000] {taskinstance.py:1083} INFO - Dependencies all met for <TaskInstance: download_rocket_launches.download_launches scheduled__2023-04-10T00:00:00+00:00 [queued]>
[2023-04-19T09:03:14.746+0000] {taskinstance.py:1279} INFO - 
--------------------------------------------------------------------------------
[2023-04-19T09:03:14.747+0000] {taskinstance.py:1280} INFO - Starting attempt 1 of 1
[2023-04-19T09:03:14.747+0000] {taskinstance.py:1281} INFO - 
--------------------------------------------------------------------------------
[2023-04-19T09:03:15.113+0000] {taskinstance.py:1300} INFO - Executing <Task(BashOperator): download_launches> on 2023-04-10 00:00:00+00:00
[2023-04-19T09:03:15.208+0000] {standard_task_runner.py:82} INFO - Running: ['***', 'tasks', 'run', 'download_rocket_launches', 'download_launches', 'scheduled__2023-04-10T00:00:00+00:00', '--job-id', '41', '--raw', '--subdir', 'DAGS_FOLDER/my_first_dag.py', '--cfg-path', '/tmp/tmpa92bws8t']
[2023-04-19T09:03:15.209+0000] {standard_task_runner.py:83} INFO - Job 41: Subtask download_launches
[2023-04-19T09:03:15.141+0000] {standard_task_runner.py:55} INFO - Started process 5737 to run task
[2023-04-19T09:03:15.925+0000] {task_command.py:388} INFO - Running <TaskInstance: download_rocket_launches.download_launches scheduled__2023-04-10T00:00:00+00:00 [running]> on host 30d485bbd18e
[2023-04-19T09:03:17.233+0000] {taskinstance.py:1509} INFO - Exporting the following env vars:
AIRFLOW_CTX_DAG_OWNER=***
AIRFLOW_CTX_DAG_ID=download_rocket_launches
AIRFLOW_CTX_TASK_ID=download_launches
AIRFLOW_CTX_EXECUTION_DATE=2023-04-10T00:00:00+00:00
AIRFLOW_CTX_TRY_NUMBER=1
AIRFLOW_CTX_DAG_RUN_ID=scheduled__2023-04-10T00:00:00+00:00
[2023-04-19T09:03:17.238+0000] {subprocess.py:63} INFO - Tmp dir root location: 
 /tmp
[2023-04-19T09:03:17.240+0000] {subprocess.py:75} INFO - Running command: ['/bin/bash', '-c', "curl -o /tmp/launches.json -L 'https://ll.thespacedevs.com/2.0.0/launch/upcoming'"]
[2023-04-19T09:03:17.325+0000] {subprocess.py:86} INFO - Output:
[2023-04-19T09:03:17.347+0000] {subprocess.py:93} INFO -   % Total    % Received % Xferd  Average Speed   Time    Time     Time  Current
[2023-04-19T09:03:17.347+0000] {subprocess.py:93} INFO -                                  Dload  Upload   Total   Spent    Left  Speed
[2023-04-19T09:03:17.811+0000] {subprocess.py:93} INFO -   0     0    0     0    0     0      0      0 --:--:-- --:--:-- --:--:--     0  0     0    0     0    0     0      0      0 --:--:-- --:--:-- --:--:--     0  0     0    0     0    0     0      0      0 --:--:-- --:--:-- --:--:--     0
[2023-04-19T09:03:18.306+0000] {subprocess.py:93} INFO - 100 23017  100 23017    0     0  25293      0 --:--:-- --:--:-- --:--:-- 25293
[2023-04-19T09:03:18.313+0000] {subprocess.py:97} INFO - Command exited with return code 0
[2023-04-19T09:03:18.806+0000] {taskinstance.py:1323} INFO - Marking task as SUCCESS. dag_id=download_rocket_launches, task_id=download_launches, execution_date=20230410T000000, start_date=20230419T090314, end_date=20230419T090318
[2023-04-19T09:03:19.104+0000] {local_task_job.py:208} INFO - Task exited with return code 0
[2023-04-19T09:03:20.222+0000] {taskinstance.py:2578} INFO - 0 downstream tasks scheduled from follow-on schedule check
