[2023-04-19T08:13:16.207+0000] {taskinstance.py:1083} INFO - Dependencies all met for <TaskInstance: producer_aware.check_file scheduled__2023-04-18T15:40:22.570962+00:00 [queued]>
[2023-04-19T08:13:16.227+0000] {taskinstance.py:1083} INFO - Dependencies all met for <TaskInstance: producer_aware.check_file scheduled__2023-04-18T15:40:22.570962+00:00 [queued]>
[2023-04-19T08:13:16.228+0000] {taskinstance.py:1279} INFO - 
--------------------------------------------------------------------------------
[2023-04-19T08:13:16.228+0000] {taskinstance.py:1280} INFO - Starting attempt 1 of 1
[2023-04-19T08:13:16.228+0000] {taskinstance.py:1281} INFO - 
--------------------------------------------------------------------------------
[2023-04-19T08:13:16.261+0000] {taskinstance.py:1300} INFO - Executing <Task(BashOperator): check_file> on 2023-04-18 15:40:22.570962+00:00
[2023-04-19T08:13:16.272+0000] {standard_task_runner.py:55} INFO - Started process 114 to run task
[2023-04-19T08:13:16.307+0000] {standard_task_runner.py:82} INFO - Running: ['***', 'tasks', 'run', 'producer_aware', 'check_file', 'scheduled__2023-04-18T15:40:22.570962+00:00', '--job-id', '25', '--raw', '--subdir', 'DAGS_FOLDER/my_first_dag.py', '--cfg-path', '/tmp/tmpvzo3exws']
[2023-04-19T08:13:16.307+0000] {standard_task_runner.py:83} INFO - Job 25: Subtask check_file
[2023-04-19T08:13:16.545+0000] {task_command.py:388} INFO - Running <TaskInstance: producer_aware.check_file scheduled__2023-04-18T15:40:22.570962+00:00 [running]> on host 30d485bbd18e
[2023-04-19T08:13:16.679+0000] {taskinstance.py:1509} INFO - Exporting the following env vars:
AIRFLOW_CTX_DAG_OWNER=***
AIRFLOW_CTX_DAG_ID=producer_aware
AIRFLOW_CTX_TASK_ID=check_file
AIRFLOW_CTX_EXECUTION_DATE=2023-04-18T15:40:22.570962+00:00
AIRFLOW_CTX_TRY_NUMBER=1
AIRFLOW_CTX_DAG_RUN_ID=scheduled__2023-04-18T15:40:22.570962+00:00
[2023-04-19T08:13:16.681+0000] {subprocess.py:63} INFO - Tmp dir root location: 
 /tmp
[2023-04-19T08:13:16.682+0000] {subprocess.py:75} INFO - Running command: ['/bin/bash', '-c', 'cat /tmp/data.csv']
[2023-04-19T08:13:16.740+0000] {subprocess.py:86} INFO - Output:
[2023-04-19T08:13:16.749+0000] {subprocess.py:93} INFO - data1,data2,data3
[2023-04-19T08:13:16.749+0000] {subprocess.py:93} INFO - 
[2023-04-19T08:13:16.750+0000] {subprocess.py:93} INFO - data1,data2,data3
[2023-04-19T08:13:16.750+0000] {subprocess.py:93} INFO - 
[2023-04-19T08:13:16.750+0000] {subprocess.py:93} INFO - data1,data2,data3
[2023-04-19T08:13:16.750+0000] {subprocess.py:93} INFO - 
[2023-04-19T08:13:16.750+0000] {subprocess.py:97} INFO - Command exited with return code 0
[2023-04-19T08:13:16.785+0000] {taskinstance.py:1323} INFO - Marking task as SUCCESS. dag_id=producer_aware, task_id=check_file, execution_date=20230418T154022, start_date=20230419T081316, end_date=20230419T081316
[2023-04-19T08:13:16.848+0000] {local_task_job.py:208} INFO - Task exited with return code 0
[2023-04-19T08:13:16.882+0000] {taskinstance.py:2578} INFO - 0 downstream tasks scheduled from follow-on schedule check
