[2023-04-18T13:32:48.255+0000] {taskinstance.py:1083} INFO - Dependencies all met for <TaskInstance: producer_aware.check_file manual__2023-04-18T13:32:45.922918+00:00 [queued]>
[2023-04-18T13:32:48.265+0000] {taskinstance.py:1083} INFO - Dependencies all met for <TaskInstance: producer_aware.check_file manual__2023-04-18T13:32:45.922918+00:00 [queued]>
[2023-04-18T13:32:48.266+0000] {taskinstance.py:1279} INFO - 
--------------------------------------------------------------------------------
[2023-04-18T13:32:48.266+0000] {taskinstance.py:1280} INFO - Starting attempt 1 of 1
[2023-04-18T13:32:48.266+0000] {taskinstance.py:1281} INFO - 
--------------------------------------------------------------------------------
[2023-04-18T13:32:48.282+0000] {taskinstance.py:1300} INFO - Executing <Task(BashOperator): check_file> on 2023-04-18 13:32:45.922918+00:00
[2023-04-18T13:32:48.291+0000] {standard_task_runner.py:55} INFO - Started process 9166 to run task
[2023-04-18T13:32:48.322+0000] {standard_task_runner.py:82} INFO - Running: ['***', 'tasks', 'run', 'producer_aware', 'check_file', 'manual__2023-04-18T13:32:45.922918+00:00', '--job-id', '11', '--raw', '--subdir', 'DAGS_FOLDER/my_first_dag.py', '--cfg-path', '/tmp/tmpuni6idki']
[2023-04-18T13:32:48.322+0000] {standard_task_runner.py:83} INFO - Job 11: Subtask check_file
[2023-04-18T13:32:48.431+0000] {task_command.py:388} INFO - Running <TaskInstance: producer_aware.check_file manual__2023-04-18T13:32:45.922918+00:00 [running]> on host 30d485bbd18e
[2023-04-18T13:32:48.506+0000] {taskinstance.py:1509} INFO - Exporting the following env vars:
AIRFLOW_CTX_DAG_OWNER=***
AIRFLOW_CTX_DAG_ID=producer_aware
AIRFLOW_CTX_TASK_ID=check_file
AIRFLOW_CTX_EXECUTION_DATE=2023-04-18T13:32:45.922918+00:00
AIRFLOW_CTX_TRY_NUMBER=1
AIRFLOW_CTX_DAG_RUN_ID=manual__2023-04-18T13:32:45.922918+00:00
[2023-04-18T13:32:48.507+0000] {subprocess.py:63} INFO - Tmp dir root location: 
 /tmp
[2023-04-18T13:32:48.507+0000] {subprocess.py:75} INFO - Running command: ['/bin/bash', '-c', 'cat /tmp/data.csv']
[2023-04-18T13:32:48.534+0000] {subprocess.py:86} INFO - Output:
[2023-04-18T13:32:48.537+0000] {subprocess.py:93} INFO - data1,data2,data3
[2023-04-18T13:32:48.538+0000] {subprocess.py:93} INFO - 
[2023-04-18T13:32:48.538+0000] {subprocess.py:93} INFO - data1,data2,data3
[2023-04-18T13:32:48.538+0000] {subprocess.py:93} INFO - 
[2023-04-18T13:32:48.538+0000] {subprocess.py:97} INFO - Command exited with return code 0
[2023-04-18T13:32:48.564+0000] {taskinstance.py:1323} INFO - Marking task as SUCCESS. dag_id=producer_aware, task_id=check_file, execution_date=20230418T133245, start_date=20230418T133248, end_date=20230418T133248
[2023-04-18T13:32:48.611+0000] {local_task_job.py:208} INFO - Task exited with return code 0
[2023-04-18T13:32:48.629+0000] {taskinstance.py:2578} INFO - 0 downstream tasks scheduled from follow-on schedule check
