[2023-04-19T09:03:34.327+0000] {taskinstance.py:1083} INFO - Dependencies all met for <TaskInstance: download_rocket_launches.notify scheduled__2023-04-13T00:00:00+00:00 [queued]>
[2023-04-19T09:03:34.414+0000] {taskinstance.py:1083} INFO - Dependencies all met for <TaskInstance: download_rocket_launches.notify scheduled__2023-04-13T00:00:00+00:00 [queued]>
[2023-04-19T09:03:34.415+0000] {taskinstance.py:1279} INFO - 
--------------------------------------------------------------------------------
[2023-04-19T09:03:34.415+0000] {taskinstance.py:1280} INFO - Starting attempt 1 of 1
[2023-04-19T09:03:34.415+0000] {taskinstance.py:1281} INFO - 
--------------------------------------------------------------------------------
[2023-04-19T09:03:34.525+0000] {taskinstance.py:1300} INFO - Executing <Task(BashOperator): notify> on 2023-04-13 00:00:00+00:00
[2023-04-19T09:03:34.605+0000] {standard_task_runner.py:55} INFO - Started process 5826 to run task
[2023-04-19T09:03:34.637+0000] {standard_task_runner.py:82} INFO - Running: ['***', 'tasks', 'run', 'download_rocket_launches', 'notify', 'scheduled__2023-04-13T00:00:00+00:00', '--job-id', '63', '--raw', '--subdir', 'DAGS_FOLDER/my_first_dag.py', '--cfg-path', '/tmp/tmpwmphjc8y']
[2023-04-19T09:03:34.637+0000] {standard_task_runner.py:83} INFO - Job 63: Subtask notify
[2023-04-19T09:03:35.210+0000] {task_command.py:388} INFO - Running <TaskInstance: download_rocket_launches.notify scheduled__2023-04-13T00:00:00+00:00 [running]> on host 30d485bbd18e
[2023-04-19T09:03:35.609+0000] {taskinstance.py:1509} INFO - Exporting the following env vars:
AIRFLOW_CTX_DAG_OWNER=***
AIRFLOW_CTX_DAG_ID=download_rocket_launches
AIRFLOW_CTX_TASK_ID=notify
AIRFLOW_CTX_EXECUTION_DATE=2023-04-13T00:00:00+00:00
AIRFLOW_CTX_TRY_NUMBER=1
AIRFLOW_CTX_DAG_RUN_ID=scheduled__2023-04-13T00:00:00+00:00
[2023-04-19T09:03:35.611+0000] {subprocess.py:63} INFO - Tmp dir root location: 
 /tmp
[2023-04-19T09:03:35.620+0000] {subprocess.py:75} INFO - Running command: ['/bin/bash', '-c', 'echo "There are now $(ls /tmp/images/ | wc -l) images."']
[2023-04-19T09:03:35.724+0000] {subprocess.py:86} INFO - Output:
[2023-04-19T09:03:35.825+0000] {subprocess.py:93} INFO - There are now 10 images.
[2023-04-19T09:03:35.825+0000] {subprocess.py:97} INFO - Command exited with return code 0
[2023-04-19T09:03:36.036+0000] {taskinstance.py:1323} INFO - Marking task as SUCCESS. dag_id=download_rocket_launches, task_id=notify, execution_date=20230413T000000, start_date=20230419T090334, end_date=20230419T090336
[2023-04-19T09:03:36.228+0000] {local_task_job.py:208} INFO - Task exited with return code 0
[2023-04-19T09:03:36.324+0000] {taskinstance.py:2578} INFO - 0 downstream tasks scheduled from follow-on schedule check
